\BOOKMARK [0][-]{chapter.1}{\376\377\000C\000h\000a\000n\000g\000e\000l\000o\000g}{}% 1
\BOOKMARK [1][-]{section.1.1}{\376\377\000V\000e\000r\000s\000i\000\363\000n\000\040\0001\000\040\000\050\0002\0000\0002\0003\000-\0001\0000\000-\0000\0008\000\051}{chapter.1}% 2
\BOOKMARK [1][-]{section.1.2}{\376\377\000V\000e\000r\000s\000i\000\363\000n\000\040\0002\000\040\000\050\0002\0000\0002\0003\000-\0001\0000\000-\0002\0002\000\051}{chapter.1}% 3
\BOOKMARK [1][-]{section.1.3}{\376\377\000V\000e\000r\000s\000i\000\363\000n\000\040\0003\000\040\000\050\0002\0000\0002\0003\000-\0001\0001\000-\0000\0005\000\051}{chapter.1}% 4
\BOOKMARK [1][-]{section.1.4}{\376\377\000V\000e\000r\000s\000i\000\363\000n\000\040\0004\000\040\000\050\0002\0000\0002\0003\000-\0001\0001\000-\0001\0005\000\051}{chapter.1}% 5
\BOOKMARK [0][-]{chapter.2}{\376\377\000I\000n\000t\000r\000o\000d\000u\000c\000c\000i\000\363\000n}{}% 6
\BOOKMARK [0][-]{chapter.3}{\376\377\000C\000a\000s\000o\000s\000\040\000d\000e\000\040\000U\000s\000o}{}% 7
\BOOKMARK [1][-]{section.3.1}{\376\377\000G\000e\000n\000e\000r\000a\000l}{chapter.3}% 8
\BOOKMARK [1][-]{section.3.2}{\376\377\000E\000x\000t\000e\000n\000d\000i\000d\000o\000s}{chapter.3}% 9
\BOOKMARK [2][-]{subsection.3.2.1}{\376\377\000G\000e\000s\000t\000i\000\363\000n\000\040\000d\000e\000\040\000r\000e\000s\000e\000r\000v\000a\000s}{section.3.2}% 10
\BOOKMARK [2][-]{subsection.3.2.2}{\376\377\000R\000e\000s\000e\000\361\000a\000s}{section.3.2}% 11
\BOOKMARK [2][-]{subsection.3.2.3}{\376\377\000R\000e\000d\000\040\000d\000e\000\040\000a\000m\000i\000g\000o\000s}{section.3.2}% 12
\BOOKMARK [2][-]{subsection.3.2.4}{\376\377\000A\000d\000m\000i\000n\000i\000s\000t\000r\000a\000d\000o\000r}{section.3.2}% 13
\BOOKMARK [2][-]{subsection.3.2.5}{\376\377\000F\000o\000r\000o\000s}{section.3.2}% 14
\BOOKMARK [2][-]{subsection.3.2.6}{\376\377\000R\000e\000c\000o\000m\000e\000n\000d\000a\000c\000i\000o\000n\000e\000s\000\040\000d\000e\000l\000\040\000s\000i\000s\000t\000e\000m\000a}{section.3.2}% 15
\BOOKMARK [2][-]{subsection.3.2.7}{\376\377\000R\000e\000c\000o\000m\000e\000n\000d\000a\000c\000i\000o\000n\000e\000s\000\040\000d\000e\000\040\000a\000m\000i\000g\000o\000s}{section.3.2}% 16
\BOOKMARK [0][-]{chapter.4}{\376\377\000M\000o\000d\000e\000l\000o\000\040\000d\000e\000\040\000D\000o\000m\000i\000n\000i\000o}{}% 17
\BOOKMARK [1][-]{section.4.1}{\376\377\000D\000i\000a\000g\000r\000a\000m\000a\000\040\000d\000e\000\040\000m\000o\000d\000e\000l\000o\000\040\000d\000e\000\040\000d\000o\000m\000i\000n\000i\000o}{chapter.4}% 18
\BOOKMARK [1][-]{section.4.2}{\376\377\000D\000e\000s\000a\000r\000r\000o\000l\000l\000o\000\040\000d\000e\000l\000\040\000m\000o\000d\000e\000l\000o\000\040\000d\000e\000\040\000d\000o\000m\000i\000n\000i\000o}{chapter.4}% 19
\BOOKMARK [2][-]{subsection.4.2.1}{\376\377\000E\000n\000t\000i\000t\000a\000d\000e\000s}{section.4.2}% 20
\BOOKMARK [2][-]{subsection.4.2.2}{\376\377\000R\000e\000l\000a\000c\000i\000o\000n\000e\000s}{section.4.2}% 21
\BOOKMARK [0][-]{chapter.5}{\376\377\000P\000l\000a\000n\000\040\000d\000e\000\040\000P\000r\000u\000e\000b\000a\000s}{}% 22
\BOOKMARK [1][-]{section.5.1}{\376\377\000G\000e\000s\000t\000i\000\363\000n\000\040\000d\000e\000\040\000r\000e\000s\000e\000r\000v\000a\000s}{chapter.5}% 23
\BOOKMARK [1][-]{section.5.2}{\376\377\000R\000e\000s\000e\000\361\000a\000s}{chapter.5}% 24
\BOOKMARK [1][-]{section.5.3}{\376\377\000R\000e\000d\000\040\000d\000e\000\040\000a\000m\000i\000g\000o\000s}{chapter.5}% 25
\BOOKMARK [1][-]{section.5.4}{\376\377\000A\000d\000m\000i\000n\000i\000s\000t\000r\000a\000d\000o\000r}{chapter.5}% 26
\BOOKMARK [1][-]{section.5.5}{\376\377\000F\000o\000r\000o\000s}{chapter.5}% 27
\BOOKMARK [1][-]{section.5.6}{\376\377\000R\000e\000c\000o\000m\000e\000n\000d\000a\000c\000i\000o\000n\000e\000s\000\040\000d\000e\000l\000\040\000s\000i\000s\000t\000e\000m\000a}{chapter.5}% 28
\BOOKMARK [1][-]{section.5.7}{\376\377\000R\000e\000c\000o\000m\000e\000n\000d\000a\000c\000i\000o\000n\000e\000s\000\040\000d\000e\000\040\000a\000m\000i\000g\000o\000s}{chapter.5}% 29
\BOOKMARK [0][-]{chapter.6}{\376\377\000D\000i\000a\000g\000r\000a\000m\000a\000\040\000r\000e\000l\000a\000c\000i\000o\000n\000a\000l}{}% 30
\BOOKMARK [0][-]{chapter.7}{\376\377\000D\000i\000a\000g\000r\000a\000m\000a\000\040\000d\000e\000\040\000c\000l\000a\000s\000e\000s}{}% 31
\BOOKMARK [0][-]{chapter.8}{\376\377\000D\000i\000a\000g\000r\000a\000m\000a\000s\000\040\000d\000e\000\040\000c\000o\000m\000u\000n\000i\000c\000a\000c\000i\000\363\000n}{}% 32
\BOOKMARK [1][-]{section.8.1}{\376\377\000G\000e\000s\000t\000i\000\363\000n\000\040\000d\000e\000\040\000r\000e\000s\000e\000r\000v\000a\000s}{chapter.8}% 33
\BOOKMARK [1][-]{section.8.2}{\376\377\000R\000e\000s\000e\000\361\000a\000s}{chapter.8}% 34
\BOOKMARK [1][-]{section.8.3}{\376\377\000R\000e\000d\000\040\000d\000e\000\040\000a\000m\000i\000g\000o\000s}{chapter.8}% 35
\BOOKMARK [1][-]{section.8.4}{\376\377\000R\000e\000d\000\040\000d\000e\000\040\000a\000m\000i\000g\000o\000s}{chapter.8}% 36
\BOOKMARK [1][-]{section.8.5}{\376\377\000A\000d\000m\000i\000n\000i\000s\000t\000r\000a\000d\000o\000r}{chapter.8}% 37
\BOOKMARK [1][-]{section.8.6}{\376\377\000F\000o\000r\000o\000s}{chapter.8}% 38
\BOOKMARK [1][-]{section.8.7}{\376\377\000R\000e\000c\000o\000m\000e\000n\000d\000a\000c\000i\000o\000n\000e\000s\000\040\000d\000e\000l\000\040\000s\000i\000s\000t\000e\000m\000a}{chapter.8}% 39
\BOOKMARK [1][-]{section.8.8}{\376\377\000R\000e\000c\000o\000m\000e\000n\000d\000a\000c\000i\000o\000n\000e\000s\000\040\000d\000e\000\040\000a\000m\000i\000g\000o\000s}{chapter.8}% 40
